[Server(5332) file:///opt/lampp/htdocs/PengelolaHalaman] Started and initialize received
[Server(5332) file:///opt/lampp/htdocs/PengelolaHalaman] Setup a stylesheet lookup map
[Server(5332) file:///opt/lampp/htdocs/PengelolaHalaman] Document opened: file:///opt/lampp/htdocs/PengelolaHalaman/application/config/autoload.php
[Server(5332) file:///opt/lampp/htdocs/PengelolaHalaman] Document changed: file:///opt/lampp/htdocs/PengelolaHalaman/application/config/autoload.php
[Server(5332) file:///opt/lampp/htdocs/PengelolaHalaman] Document opened: file:///opt/lampp/htdocs/PengelolaHalaman/application/config/autoload.php
[Server(5332) file:///opt/lampp/htdocs/PengelolaHalaman] Document changed: file:///opt/lampp/htdocs/PengelolaHalaman/application/config/autoload.php
[Server(5332) file:///opt/lampp/htdocs/PengelolaHalaman] Document changed: file:///opt/lampp/htdocs/PengelolaHalaman/application/config/autoload.php
[Server(5332) file:///opt/lampp/htdocs/PengelolaHalaman] Document changed: file:///opt/lampp/htdocs/PengelolaHalaman/application/config/autoload.php
[Server(5332) file:///opt/lampp/htdocs/PengelolaHalaman] Document changed: file:///opt/lampp/htdocs/PengelolaHalaman/application/config/autoload.php
[Server(5332) file:///opt/lampp/htdocs/PengelolaHalaman] Document changed: file:///opt/lampp/htdocs/PengelolaHalaman/application/config/autoload.php
[Server(5332) file:///opt/lampp/htdocs/PengelolaHalaman] Document changed: file:///opt/lampp/htdocs/PengelolaHalaman/application/config/autoload.php
[Server(5332) file:///opt/lampp/htdocs/PengelolaHalaman] Document changed: file:///opt/lampp/htdocs/PengelolaHalaman/application/config/autoload.php
[Server(5332) file:///opt/lampp/htdocs/PengelolaHalaman] Document changed: file:///opt/lampp/htdocs/PengelolaHalaman/application/config/autoload.php
[Server(5332) file:///opt/lampp/htdocs/PengelolaHalaman] Document changed: file:///opt/lampp/htdocs/PengelolaHalaman/application/config/autoload.php
[Server(5332) file:///opt/lampp/htdocs/PengelolaHalaman] Document changed: file:///opt/lampp/htdocs/PengelolaHalaman/application/config/autoload.php
[Server(5332) file:///opt/lampp/htdocs/PengelolaHalaman] Document changed: file:///opt/lampp/htdocs/PengelolaHalaman/application/config/autoload.php
[Server(5332) file:///opt/lampp/htdocs/PengelolaHalaman] Document changed: file:///opt/lampp/htdocs/PengelolaHalaman/application/config/autoload.php
[Server(5332) file:///opt/lampp/htdocs/PengelolaHalaman] Document changed: file:///opt/lampp/htdocs/PengelolaHalaman/application/config/autoload.php
[Server(5332) file:///opt/lampp/htdocs/PengelolaHalaman] Document changed: file:///opt/lampp/htdocs/PengelolaHalaman/application/config/autoload.php
[Server(5332) file:///opt/lampp/htdocs/PengelolaHalaman] Document changed: file:///opt/lampp/htdocs/PengelolaHalaman/application/config/autoload.php
[Server(5332) file:///opt/lampp/htdocs/PengelolaHalaman] Document changed: file:///opt/lampp/htdocs/PengelolaHalaman/application/config/autoload.php
[Server(5332) file:///opt/lampp/htdocs/PengelolaHalaman] Document changed: file:///opt/lampp/htdocs/PengelolaHalaman/application/config/autoload.php
[Server(5332) file:///opt/lampp/htdocs/PengelolaHalaman] Document changed: file:///opt/lampp/htdocs/PengelolaHalaman/application/config/autoload.php
[Server(5332) file:///opt/lampp/htdocs/PengelolaHalaman] Document changed: file:///opt/lampp/htdocs/PengelolaHalaman/application/config/autoload.php
[Server(5332) file:///opt/lampp/htdocs/PengelolaHalaman] Document changed: file:///opt/lampp/htdocs/PengelolaHalaman/application/config/autoload.php
[Server(5332) file:///opt/lampp/htdocs/PengelolaHalaman] Document changed: file:///opt/lampp/htdocs/PengelolaHalaman/application/config/autoload.php
[Server(5332) file:///opt/lampp/htdocs/PengelolaHalaman] Document changed: file:///opt/lampp/htdocs/PengelolaHalaman/application/config/autoload.php
[Server(5332) file:///opt/lampp/htdocs/PengelolaHalaman] Document changed: file:///opt/lampp/htdocs/PengelolaHalaman/application/config/autoload.php
[Server(5332) file:///opt/lampp/htdocs/PengelolaHalaman] Document changed: file:///opt/lampp/htdocs/PengelolaHalaman/application/config/autoload.php
[Server(5332) file:///opt/lampp/htdocs/PengelolaHalaman] Document changed: file:///opt/lampp/htdocs/PengelolaHalaman/application/config/autoload.php
[Server(5332) file:///opt/lampp/htdocs/PengelolaHalaman] Document changed: file:///opt/lampp/htdocs/PengelolaHalaman/application/config/autoload.php
[Server(5332) file:///opt/lampp/htdocs/PengelolaHalaman] Document changed: file:///opt/lampp/htdocs/PengelolaHalaman/application/config/autoload.php
[Server(5332) file:///opt/lampp/htdocs/PengelolaHalaman] Document changed: file:///opt/lampp/htdocs/PengelolaHalaman/application/config/autoload.php
[Server(5332) file:///opt/lampp/htdocs/PengelolaHalaman] Document changed: file:///opt/lampp/htdocs/PengelolaHalaman/application/config/autoload.php
[Server(5332) file:///opt/lampp/htdocs/PengelolaHalaman] Document changed: file:///opt/lampp/htdocs/PengelolaHalaman/application/config/autoload.php
[Server(5332) file:///opt/lampp/htdocs/PengelolaHalaman] Document changed: file:///opt/lampp/htdocs/PengelolaHalaman/application/config/autoload.php
[Server(5332) file:///opt/lampp/htdocs/PengelolaHalaman] Document changed: file:///opt/lampp/htdocs/PengelolaHalaman/application/config/autoload.php
[Server(5332) file:///opt/lampp/htdocs/PengelolaHalaman] Document changed: file:///opt/lampp/htdocs/PengelolaHalaman/application/config/autoload.php
[Server(5332) file:///opt/lampp/htdocs/PengelolaHalaman] Document changed: file:///opt/lampp/htdocs/PengelolaHalaman/application/config/autoload.php
[Server(5332) file:///opt/lampp/htdocs/PengelolaHalaman] Document changed: file:///opt/lampp/htdocs/PengelolaHalaman/application/config/autoload.php
[Server(5332) file:///opt/lampp/htdocs/PengelolaHalaman] Document changed: file:///opt/lampp/htdocs/PengelolaHalaman/application/config/autoload.php
[Server(5332) file:///opt/lampp/htdocs/PengelolaHalaman] Document changed: file:///opt/lampp/htdocs/PengelolaHalaman/application/config/autoload.php
[Server(5332) file:///opt/lampp/htdocs/PengelolaHalaman] Document opened: file:///opt/lampp/htdocs/PengelolaHalaman/application/config/config.php
[Server(5332) file:///opt/lampp/htdocs/PengelolaHalaman] Document changed: file:///opt/lampp/htdocs/PengelolaHalaman/application/config/config.php
[Server(5332) file:///opt/lampp/htdocs/PengelolaHalaman] Document changed: file:///opt/lampp/htdocs/PengelolaHalaman/application/config/config.php
Invalid Selector...
[Server(5332) file:///opt/lampp/htdocs/PengelolaHalaman] Document changed: file:///opt/lampp/htdocs/PengelolaHalaman/application/config/config.php
[Server(5332) file:///opt/lampp/htdocs/PengelolaHalaman] Document changed: file:///opt/lampp/htdocs/PengelolaHalaman/application/config/config.php
[Server(5332) file:///opt/lampp/htdocs/PengelolaHalaman] Document changed: file:///opt/lampp/htdocs/PengelolaHalaman/application/config/config.php
[Server(5332) file:///opt/lampp/htdocs/PengelolaHalaman] Document opened: file:///opt/lampp/htdocs/PengelolaHalaman/application/config/database.php
[Server(5332) file:///opt/lampp/htdocs/PengelolaHalaman] Document changed: file:///opt/lampp/htdocs/PengelolaHalaman/application/config/database.php
[Server(5332) file:///opt/lampp/htdocs/PengelolaHalaman] Document changed: file:///opt/lampp/htdocs/PengelolaHalaman/application/config/database.php
[Server(5332) file:///opt/lampp/htdocs/PengelolaHalaman] Document changed: file:///opt/lampp/htdocs/PengelolaHalaman/application/config/database.php
[Server(5332) file:///opt/lampp/htdocs/PengelolaHalaman] Document changed: file:///opt/lampp/htdocs/PengelolaHalaman/application/config/database.php
[Server(5332) file:///opt/lampp/htdocs/PengelolaHalaman] Document changed: file:///opt/lampp/htdocs/PengelolaHalaman/application/config/database.php
[Server(5332) file:///opt/lampp/htdocs/PengelolaHalaman] Document changed: file:///opt/lampp/htdocs/PengelolaHalaman/application/config/database.php
[Server(5332) file:///opt/lampp/htdocs/PengelolaHalaman] Document changed: file:///opt/lampp/htdocs/PengelolaHalaman/application/config/database.php
[Server(5332) file:///opt/lampp/htdocs/PengelolaHalaman] Document changed: file:///opt/lampp/htdocs/PengelolaHalaman/application/config/database.php
[Server(5332) file:///opt/lampp/htdocs/PengelolaHalaman] Document changed: file:///opt/lampp/htdocs/PengelolaHalaman/application/config/database.php
[Server(5332) file:///opt/lampp/htdocs/PengelolaHalaman] Document changed: file:///opt/lampp/htdocs/PengelolaHalaman/application/config/database.php
[Server(5332) file:///opt/lampp/htdocs/PengelolaHalaman] Document changed: file:///opt/lampp/htdocs/PengelolaHalaman/application/config/database.php
[Server(5332) file:///opt/lampp/htdocs/PengelolaHalaman] Document changed: file:///opt/lampp/htdocs/PengelolaHalaman/application/config/database.php
[Server(5332) file:///opt/lampp/htdocs/PengelolaHalaman] Document changed: file:///opt/lampp/htdocs/PengelolaHalaman/application/config/database.php
[Server(5332) file:///opt/lampp/htdocs/PengelolaHalaman] Document changed: file:///opt/lampp/htdocs/PengelolaHalaman/application/config/database.php
[Server(5332) file:///opt/lampp/htdocs/PengelolaHalaman] Document changed: file:///opt/lampp/htdocs/PengelolaHalaman/application/config/database.php
[Server(5332) file:///opt/lampp/htdocs/PengelolaHalaman] Document changed: file:///opt/lampp/htdocs/PengelolaHalaman/application/config/database.php
[Server(5332) file:///opt/lampp/htdocs/PengelolaHalaman] Document changed: file:///opt/lampp/htdocs/PengelolaHalaman/application/config/database.php
[Server(5332) file:///opt/lampp/htdocs/PengelolaHalaman] Document changed: file:///opt/lampp/htdocs/PengelolaHalaman/application/config/database.php
[Server(5332) file:///opt/lampp/htdocs/PengelolaHalaman] Document changed: file:///opt/lampp/htdocs/PengelolaHalaman/application/config/database.php
[Server(5332) file:///opt/lampp/htdocs/PengelolaHalaman] Document changed: file:///opt/lampp/htdocs/PengelolaHalaman/application/config/database.php
[Server(5332) file:///opt/lampp/htdocs/PengelolaHalaman] Document opened: file:///opt/lampp/htdocs/PengelolaHalaman/application/config/routes.php
[Server(5332) file:///opt/lampp/htdocs/PengelolaHalaman] Document changed: file:///opt/lampp/htdocs/PengelolaHalaman/application/config/routes.php
[Server(5332) file:///opt/lampp/htdocs/PengelolaHalaman] Document changed: file:///opt/lampp/htdocs/PengelolaHalaman/application/config/routes.php
[Server(5332) file:///opt/lampp/htdocs/PengelolaHalaman] Document changed: file:///opt/lampp/htdocs/PengelolaHalaman/application/config/routes.php
[Server(5332) file:///opt/lampp/htdocs/PengelolaHalaman] Document changed: file:///opt/lampp/htdocs/PengelolaHalaman/application/config/routes.php
[Server(5332) file:///opt/lampp/htdocs/PengelolaHalaman] Document changed: file:///opt/lampp/htdocs/PengelolaHalaman/application/config/routes.php
[Server(5332) file:///opt/lampp/htdocs/PengelolaHalaman] Document changed: file:///opt/lampp/htdocs/PengelolaHalaman/application/config/routes.php
[Server(5332) file:///opt/lampp/htdocs/PengelolaHalaman] Document changed: file:///opt/lampp/htdocs/PengelolaHalaman/application/config/routes.php
[Server(5332) file:///opt/lampp/htdocs/PengelolaHalaman] Document changed: file:///opt/lampp/htdocs/PengelolaHalaman/application/config/routes.php
[Server(5332) file:///opt/lampp/htdocs/PengelolaHalaman] Document changed: file:///opt/lampp/htdocs/PengelolaHalaman/application/config/routes.php
[Server(5332) file:///opt/lampp/htdocs/PengelolaHalaman] Document changed: file:///opt/lampp/htdocs/PengelolaHalaman/application/config/routes.php
[Server(5332) file:///opt/lampp/htdocs/PengelolaHalaman] Document changed: file:///opt/lampp/htdocs/PengelolaHalaman/application/config/routes.php
[Server(5332) file:///opt/lampp/htdocs/PengelolaHalaman] Document changed: file:///opt/lampp/htdocs/PengelolaHalaman/application/config/routes.php
[Server(5332) file:///opt/lampp/htdocs/PengelolaHalaman] Document opened: file:///opt/lampp/htdocs/PengelolaHalaman/application/controllers/Halaman.php
[Server(5332) file:///opt/lampp/htdocs/PengelolaHalaman] Document changed: file:///opt/lampp/htdocs/PengelolaHalaman/application/controllers/Halaman.php
[Server(5332) file:///opt/lampp/htdocs/PengelolaHalaman] Document opened: file:///opt/lampp/htdocs/PengelolaHalaman/application/controllers/Welcome.php
[Server(5332) file:///opt/lampp/htdocs/PengelolaHalaman] Document changed: file:///opt/lampp/htdocs/PengelolaHalaman/application/controllers/Welcome.php
[Server(5332) file:///opt/lampp/htdocs/PengelolaHalaman] Document changed: file:///opt/lampp/htdocs/PengelolaHalaman/application/controllers/Halaman.php
Invalid Selector...
[Server(5332) file:///opt/lampp/htdocs/PengelolaHalaman] Document opened: file:///opt/lampp/htdocs/PengelolaHalaman/system/core/Controller.php
[Server(5332) file:///opt/lampp/htdocs/PengelolaHalaman] Document changed: file:///opt/lampp/htdocs/PengelolaHalaman/system/core/Controller.php
[Server(5332) file:///opt/lampp/htdocs/PengelolaHalaman] Document changed: file:///opt/lampp/htdocs/PengelolaHalaman/application/controllers/Halaman.php
[Server(5332) file:///opt/lampp/htdocs/PengelolaHalaman] Document changed: file:///opt/lampp/htdocs/PengelolaHalaman/application/controllers/Halaman.php
[Server(5332) file:///opt/lampp/htdocs/PengelolaHalaman] Document changed: file:///opt/lampp/htdocs/PengelolaHalaman/application/controllers/Halaman.php
[Server(5332) file:///opt/lampp/htdocs/PengelolaHalaman] Document changed: file:///opt/lampp/htdocs/PengelolaHalaman/application/controllers/Halaman.php
[Server(5332) file:///opt/lampp/htdocs/PengelolaHalaman] Document changed: file:///opt/lampp/htdocs/PengelolaHalaman/application/controllers/Halaman.php
[Server(5332) file:///opt/lampp/htdocs/PengelolaHalaman] Document changed: file:///opt/lampp/htdocs/PengelolaHalaman/application/controllers/Halaman.php
[Server(5332) file:///opt/lampp/htdocs/PengelolaHalaman] Document changed: file:///opt/lampp/htdocs/PengelolaHalaman/application/controllers/Halaman.php
[Server(5332) file:///opt/lampp/htdocs/PengelolaHalaman] Document changed: file:///opt/lampp/htdocs/PengelolaHalaman/application/controllers/Halaman.php
[Server(5332) file:///opt/lampp/htdocs/PengelolaHalaman] Document changed: file:///opt/lampp/htdocs/PengelolaHalaman/application/controllers/Halaman.php
[Server(5332) file:///opt/lampp/htdocs/PengelolaHalaman] Document opened: file:///opt/lampp/htdocs/PengelolaHalaman/application/views/halaman/index.php
[Server(5332) file:///opt/lampp/htdocs/PengelolaHalaman] Document changed: file:///opt/lampp/htdocs/PengelolaHalaman/application/views/halaman/index.php
[Server(5332) file:///opt/lampp/htdocs/PengelolaHalaman] Document changed: file:///opt/lampp/htdocs/PengelolaHalaman/application/controllers/Halaman.php
[Server(5332) file:///opt/lampp/htdocs/PengelolaHalaman] Document changed: file:///opt/lampp/htdocs/PengelolaHalaman/application/controllers/Halaman.php
[Server(5332) file:///opt/lampp/htdocs/PengelolaHalaman] Document changed: file:///opt/lampp/htdocs/PengelolaHalaman/application/controllers/Halaman.php
[Server(5332) file:///opt/lampp/htdocs/PengelolaHalaman] Document changed: file:///opt/lampp/htdocs/PengelolaHalaman/application/controllers/Halaman.php
[Server(5332) file:///opt/lampp/htdocs/PengelolaHalaman] Document changed: file:///opt/lampp/htdocs/PengelolaHalaman/application/controllers/Halaman.php
[Server(5332) file:///opt/lampp/htdocs/PengelolaHalaman] Document changed: file:///opt/lampp/htdocs/PengelolaHalaman/application/controllers/Halaman.php
[Server(5332) file:///opt/lampp/htdocs/PengelolaHalaman] Document changed: file:///opt/lampp/htdocs/PengelolaHalaman/application/controllers/Halaman.php
[Server(5332) file:///opt/lampp/htdocs/PengelolaHalaman] Document changed: file:///opt/lampp/htdocs/PengelolaHalaman/application/controllers/Halaman.php
[Server(5332) file:///opt/lampp/htdocs/PengelolaHalaman] Document changed: file:///opt/lampp/htdocs/PengelolaHalaman/application/controllers/Halaman.php
[Server(5332) file:///opt/lampp/htdocs/PengelolaHalaman] Document changed: file:///opt/lampp/htdocs/PengelolaHalaman/application/controllers/Halaman.php
[Server(5332) file:///opt/lampp/htdocs/PengelolaHalaman] Document changed: file:///opt/lampp/htdocs/PengelolaHalaman/application/config/routes.php
[Server(5332) file:///opt/lampp/htdocs/PengelolaHalaman] Document changed: file:///opt/lampp/htdocs/PengelolaHalaman/application/config/routes.php
[Server(5332) file:///opt/lampp/htdocs/PengelolaHalaman] Document changed: file:///opt/lampp/htdocs/PengelolaHalaman/application/config/routes.php
[Server(5332) file:///opt/lampp/htdocs/PengelolaHalaman] Document changed: file:///opt/lampp/htdocs/PengelolaHalaman/application/config/routes.php
[Server(5332) file:///opt/lampp/htdocs/PengelolaHalaman] Document changed: file:///opt/lampp/htdocs/PengelolaHalaman/application/config/routes.php
[Server(5332) file:///opt/lampp/htdocs/PengelolaHalaman] Document changed: file:///opt/lampp/htdocs/PengelolaHalaman/application/config/routes.php
