[2020-03-11 03:11:17.022] [main] [info] update#setState idle
[2020-03-11 03:11:47.035] [main] [info] update#setState checking for updates
[2020-03-11 03:11:47.261] [main] [info] update#setState available for download
[2020-03-11 05:15:53.479] [main] [error] Error: ENOENT: no such file or directory, open '/opt/lampp/htdocs/PengelolaHalaman/~/.vscode-root/storage.json'
    at Object.openSync (original-fs.js:447:3)
    at Object.t.writeFileSync (/usr/share/code/resources/app/out/vs/code/electron-main/main.js:160:212)
    at u.saveSync (/usr/share/code/resources/app/out/vs/code/electron-main/main.js:348:639)
    at u.setItem (/usr/share/code/resources/app/out/vs/code/electron-main/main.js:348:434)
    at e.setItem (/usr/share/code/resources/app/out/vs/code/electron-main/main.js:348:971)
    at e.updateMenu (/usr/share/code/resources/app/out/vs/code/electron-main/main.js:464:191)
    at a.updateMenubar (/usr/share/code/resources/app/out/vs/code/electron-main/main.js:475:989)
    at Object.call (/usr/share/code/resources/app/out/vs/code/electron-main/main.js:191:81)
    at y.onPromise (/usr/share/code/resources/app/out/vs/code/electron-main/main.js:173:243)
    at y.onRawMessage (/usr/share/code/resources/app/out/vs/code/electron-main/main.js:172:888)
    at /usr/share/code/resources/app/out/vs/code/electron-main/main.js:172:407
    at l.fire (/usr/share/code/resources/app/out/vs/code/electron-main/main.js:53:102)
    at /usr/share/code/resources/app/out/vs/code/electron-main/main.js:48:670
    at l.fire (/usr/share/code/resources/app/out/vs/code/electron-main/main.js:53:102)
    at /usr/share/code/resources/app/out/vs/code/electron-main/main.js:48:816
    at l.fire (/usr/share/code/resources/app/out/vs/code/electron-main/main.js:53:102)
    at IpcMain.n (/usr/share/code/resources/app/out/vs/code/electron-main/main.js:50:474)
    at IpcMain.emit (events.js:205:15)
    at WebContents.<anonymous> (/usr/share/code/resources/electron.asar/browser/api/web-contents.js:334:21)
    at WebContents.emit (events.js:200:13)
[2020-03-11 05:15:57.625] [main] [error] [storage state.vscdb] prepare(): Error: SQLITE_READONLY_DBMOVED: attempt to write a readonly database (INSERT INTO ItemTable VALUES (?,?),(?,?),(?,?),(?,?)). Details: Keys: editorFontInfo, workbench.panel.size, workbench.grid.width, workbench.grid.height Length: 1322
[2020-03-11 05:15:58.483] [main] [error] [storage state.vscdb] prepare(): Error: SQLITE_READONLY_DBMOVED: attempt to write a readonly database (INSERT INTO ItemTable VALUES (?,?),(?,?)). Details: Keys: editorFontInfo, workbench.panel.size Length: 434
[2020-03-11 05:15:58.498] [main] [error] Error: ENOENT: no such file or directory, unlink '/opt/lampp/htdocs/PengelolaHalaman/~/.vscode-root/User/globalStorage/state.vscdb'
