Looking for git in: git
Using git 2.17.1 from git
> git rev-parse --show-toplevel
> git rev-parse --git-dir
Open repository: /opt/lampp/htdocs/PagesManagement
> git status -z -u
> git symbolic-ref --short HEAD
> git rev-parse master
> git rev-parse --symbolic-full-name master@{u}
> git rev-list --left-right master...refs/remotes/origin/master
> git check-ignore -v -z --stdin
> git for-each-ref --format %(refname) %(objectname) --sort -committerdate
> git remote --verbose
> git config --get commit.template
> git check-ignore -v -z --stdin
> git show :application/config/autoload.php
> git show :application/config/config.php
> git show :application/config/database.php
> git check-ignore -v -z --stdin
> git check-ignore -v -z --stdin
> git show :application/controllers/Pages.php
> git check-ignore -v -z --stdin
> git check-ignore -v -z --stdin
> git show :application/views/layout/footer.php
> git show :application/views/layout/sidebar.php
> git show :application/views/layout/topbar.php
> git check-ignore -v -z --stdin
> git show :application/views/pages/index.php
> git show :application/controllers/Pages.php
> git check-ignore -v -z --stdin
> git show :application/helpers/ridho_helper.php
> git show :application/controllers/Pages.php
> git show :application/views/layout/sidebar.php
> git status -z -u
> git show :application/views/layout/sidebar.php
> git symbolic-ref --short HEAD
> git rev-parse master
> git rev-parse --symbolic-full-name master@{u}
> git rev-list --left-right master...refs/remotes/origin/master
> git for-each-ref --format %(refname) %(objectname) --sort -committerdate
> git remote --verbose
> git config --get commit.template
> git status -z -u
> git symbolic-ref --short HEAD
> git rev-parse master
> git rev-parse --symbolic-full-name master@{u}
> git rev-list --left-right master...refs/remotes/origin/master
> git for-each-ref --format %(refname) %(objectname) --sort -committerdate
> git remote --verbose
> git show :application/views/layout/sidebar.php
> git config --get commit.template
