[2020-03-11 03:13:36.213] [exthost] [info] extension host started
[2020-03-11 03:13:36.242] [exthost] [info] ExtensionService#_doActivateExtension vscode.debug-auto-launch {"startup":true,"extensionId":{"value":"vscode.debug-auto-launch","_lower":"vscode.debug-auto-launch"},"activationEvent":"*"}
[2020-03-11 03:13:36.243] [exthost] [info] ExtensionService#loadCommonJSModule file:///usr/share/code/resources/app/extensions/debug-auto-launch/dist/extension
[2020-03-11 03:13:36.252] [exthost] [info] ExtensionService#_doActivateExtension vscode.emmet {"startup":true,"extensionId":{"value":"vscode.emmet","_lower":"vscode.emmet"},"activationEvent":"*"}
[2020-03-11 03:13:36.252] [exthost] [info] ExtensionService#loadCommonJSModule file:///usr/share/code/resources/app/extensions/emmet/dist/extension
[2020-03-11 03:13:36.304] [exthost] [info] ExtensionService#_doActivateExtension vscode.git {"startup":true,"extensionId":{"value":"vscode.git","_lower":"vscode.git"},"activationEvent":"*"}
[2020-03-11 03:13:36.304] [exthost] [info] ExtensionService#loadCommonJSModule file:///usr/share/code/resources/app/extensions/git/dist/main
[2020-03-11 03:13:36.339] [exthost] [info] ExtensionService#_doActivateExtension vscode.merge-conflict {"startup":true,"extensionId":{"value":"vscode.merge-conflict","_lower":"vscode.merge-conflict"},"activationEvent":"*"}
[2020-03-11 03:13:36.339] [exthost] [info] ExtensionService#loadCommonJSModule file:///usr/share/code/resources/app/extensions/merge-conflict/dist/extension
[2020-03-11 03:13:36.347] [exthost] [info] ExtensionService#_doActivateExtension vscode.search-result {"startup":true,"extensionId":{"value":"vscode.search-result","_lower":"vscode.search-result"},"activationEvent":"*"}
[2020-03-11 03:13:36.347] [exthost] [info] ExtensionService#loadCommonJSModule file:///usr/share/code/resources/app/extensions/search-result/dist/extension.js
[2020-03-11 03:13:36.349] [exthost] [info] ExtensionService#_doActivateExtension CoenraadS.bracket-pair-colorizer {"startup":true,"extensionId":{"value":"CoenraadS.bracket-pair-colorizer","_lower":"coenraads.bracket-pair-colorizer"},"activationEvent":"*"}
[2020-03-11 03:13:36.349] [exthost] [info] ExtensionService#loadCommonJSModule file:///home/ridho-aldiko/.vscode/extensions/coenraads.bracket-pair-colorizer-1.0.61/out/src/extension
[2020-03-11 03:13:36.385] [exthost] [info] ExtensionService#_doActivateExtension formulahendry.auto-rename-tag {"startup":true,"extensionId":{"value":"formulahendry.auto-rename-tag","_lower":"formulahendry.auto-rename-tag"},"activationEvent":"*"}
[2020-03-11 03:13:36.385] [exthost] [info] ExtensionService#loadCommonJSModule file:///home/ridho-aldiko/.vscode/extensions/formulahendry.auto-rename-tag-0.1.1/out/src/extension
[2020-03-11 03:13:36.391] [exthost] [info] ExtensionService#_doActivateExtension HookyQR.beautify {"startup":true,"extensionId":{"value":"HookyQR.beautify","_lower":"hookyqr.beautify"},"activationEvent":"*"}
[2020-03-11 03:13:36.391] [exthost] [info] ExtensionService#loadCommonJSModule file:///home/ridho-aldiko/.vscode/extensions/hookyqr.beautify-1.5.0/extension
[2020-03-11 03:13:36.494] [exthost] [info] ExtensionService#_doActivateExtension ms-vscode.sublime-keybindings {"startup":true,"extensionId":{"value":"ms-vscode.sublime-keybindings","_lower":"ms-vscode.sublime-keybindings"},"activationEvent":"*"}
[2020-03-11 03:13:36.494] [exthost] [info] ExtensionService#loadCommonJSModule file:///home/ridho-aldiko/.vscode/extensions/ms-vscode.sublime-keybindings-4.0.6/out/extension
[2020-03-11 03:13:36.510] [exthost] [info] ExtensionService#_doActivateExtension oderwat.indent-rainbow {"startup":true,"extensionId":{"value":"oderwat.indent-rainbow","_lower":"oderwat.indent-rainbow"},"activationEvent":"*"}
[2020-03-11 03:13:36.511] [exthost] [info] ExtensionService#loadCommonJSModule file:///home/ridho-aldiko/.vscode/extensions/oderwat.indent-rainbow-7.4.0/out/extension
[2020-03-11 03:13:36.514] [exthost] [info] ExtensionService#_doActivateExtension pranaygp.vscode-css-peek {"startup":true,"extensionId":{"value":"pranaygp.vscode-css-peek","_lower":"pranaygp.vscode-css-peek"},"activationEvent":"*"}
[2020-03-11 03:13:36.515] [exthost] [info] ExtensionService#loadCommonJSModule file:///home/ridho-aldiko/.vscode/extensions/pranaygp.vscode-css-peek-3.0.2/out/client/src/extension
[2020-03-11 03:13:36.585] [exthost] [info] ExtensionService#_doActivateExtension ritwickdey.LiveServer {"startup":true,"extensionId":{"value":"ritwickdey.LiveServer","_lower":"ritwickdey.liveserver"},"activationEvent":"*"}
[2020-03-11 03:13:36.585] [exthost] [info] ExtensionService#loadCommonJSModule file:///home/ridho-aldiko/.vscode/extensions/ritwickdey.liveserver-5.6.1/out/src/extension
[2020-03-11 03:13:37.147] [exthost] [info] ExtensionService#_doActivateExtension zhuangtongfa.material-theme {"startup":true,"extensionId":{"value":"zhuangtongfa.material-theme","_lower":"zhuangtongfa.material-theme"},"activationEvent":"*"}
[2020-03-11 03:13:37.147] [exthost] [info] ExtensionService#loadCommonJSModule file:///home/ridho-aldiko/.vscode/extensions/zhuangtongfa.material-theme-3.2.3/out/extension.js
[2020-03-11 03:13:37.173] [exthost] [info] ExtensionService#_doActivateExtension Zignd.html-css-class-completion {"startup":true,"extensionId":{"value":"Zignd.html-css-class-completion","_lower":"zignd.html-css-class-completion"},"activationEvent":"*"}
[2020-03-11 03:13:37.173] [exthost] [info] ExtensionService#loadCommonJSModule file:///home/ridho-aldiko/.vscode/extensions/zignd.html-css-class-completion-1.19.0/out/src/extension
[2020-03-11 03:13:37.587] [exthost] [info] eager extensions activated
[2020-03-11 03:14:02.414] [exthost] [info] extension host started
[2020-03-11 03:14:02.440] [exthost] [info] ExtensionService#_doActivateExtension vscode.debug-auto-launch {"startup":true,"extensionId":{"value":"vscode.debug-auto-launch","_lower":"vscode.debug-auto-launch"},"activationEvent":"*"}
[2020-03-11 03:14:02.441] [exthost] [info] ExtensionService#loadCommonJSModule file:///usr/share/code/resources/app/extensions/debug-auto-launch/dist/extension
[2020-03-11 03:14:02.450] [exthost] [info] ExtensionService#_doActivateExtension vscode.emmet {"startup":true,"extensionId":{"value":"vscode.emmet","_lower":"vscode.emmet"},"activationEvent":"*"}
[2020-03-11 03:14:02.450] [exthost] [info] ExtensionService#loadCommonJSModule file:///usr/share/code/resources/app/extensions/emmet/dist/extension
[2020-03-11 03:14:02.495] [exthost] [info] ExtensionService#_doActivateExtension vscode.git {"startup":true,"extensionId":{"value":"vscode.git","_lower":"vscode.git"},"activationEvent":"*"}
[2020-03-11 03:14:02.495] [exthost] [info] ExtensionService#loadCommonJSModule file:///usr/share/code/resources/app/extensions/git/dist/main
[2020-03-11 03:14:02.522] [exthost] [info] ExtensionService#_doActivateExtension vscode.merge-conflict {"startup":true,"extensionId":{"value":"vscode.merge-conflict","_lower":"vscode.merge-conflict"},"activationEvent":"*"}
[2020-03-11 03:14:02.522] [exthost] [info] ExtensionService#loadCommonJSModule file:///usr/share/code/resources/app/extensions/merge-conflict/dist/extension
[2020-03-11 03:14:02.529] [exthost] [info] ExtensionService#_doActivateExtension vscode.search-result {"startup":true,"extensionId":{"value":"vscode.search-result","_lower":"vscode.search-result"},"activationEvent":"*"}
[2020-03-11 03:14:02.529] [exthost] [info] ExtensionService#loadCommonJSModule file:///usr/share/code/resources/app/extensions/search-result/dist/extension.js
[2020-03-11 03:14:02.531] [exthost] [info] ExtensionService#_doActivateExtension CoenraadS.bracket-pair-colorizer {"startup":true,"extensionId":{"value":"CoenraadS.bracket-pair-colorizer","_lower":"coenraads.bracket-pair-colorizer"},"activationEvent":"*"}
[2020-03-11 03:14:02.531] [exthost] [info] ExtensionService#loadCommonJSModule file:///home/ridho-aldiko/.vscode/extensions/coenraads.bracket-pair-colorizer-1.0.61/out/src/extension
[2020-03-11 03:14:02.567] [exthost] [info] ExtensionService#_doActivateExtension formulahendry.auto-rename-tag {"startup":true,"extensionId":{"value":"formulahendry.auto-rename-tag","_lower":"formulahendry.auto-rename-tag"},"activationEvent":"*"}
[2020-03-11 03:14:02.567] [exthost] [info] ExtensionService#loadCommonJSModule file:///home/ridho-aldiko/.vscode/extensions/formulahendry.auto-rename-tag-0.1.1/out/src/extension
[2020-03-11 03:14:02.572] [exthost] [info] ExtensionService#_doActivateExtension HookyQR.beautify {"startup":true,"extensionId":{"value":"HookyQR.beautify","_lower":"hookyqr.beautify"},"activationEvent":"*"}
[2020-03-11 03:14:02.572] [exthost] [info] ExtensionService#loadCommonJSModule file:///home/ridho-aldiko/.vscode/extensions/hookyqr.beautify-1.5.0/extension
[2020-03-11 03:14:02.661] [exthost] [info] ExtensionService#_doActivateExtension ms-vscode.sublime-keybindings {"startup":true,"extensionId":{"value":"ms-vscode.sublime-keybindings","_lower":"ms-vscode.sublime-keybindings"},"activationEvent":"*"}
[2020-03-11 03:14:02.661] [exthost] [info] ExtensionService#loadCommonJSModule file:///home/ridho-aldiko/.vscode/extensions/ms-vscode.sublime-keybindings-4.0.6/out/extension
[2020-03-11 03:14:02.672] [exthost] [info] ExtensionService#_doActivateExtension oderwat.indent-rainbow {"startup":true,"extensionId":{"value":"oderwat.indent-rainbow","_lower":"oderwat.indent-rainbow"},"activationEvent":"*"}
[2020-03-11 03:14:02.672] [exthost] [info] ExtensionService#loadCommonJSModule file:///home/ridho-aldiko/.vscode/extensions/oderwat.indent-rainbow-7.4.0/out/extension
[2020-03-11 03:14:02.674] [exthost] [info] ExtensionService#_doActivateExtension pranaygp.vscode-css-peek {"startup":true,"extensionId":{"value":"pranaygp.vscode-css-peek","_lower":"pranaygp.vscode-css-peek"},"activationEvent":"*"}
[2020-03-11 03:14:02.675] [exthost] [info] ExtensionService#loadCommonJSModule file:///home/ridho-aldiko/.vscode/extensions/pranaygp.vscode-css-peek-3.0.2/out/client/src/extension
[2020-03-11 03:14:02.750] [exthost] [info] ExtensionService#_doActivateExtension ritwickdey.LiveServer {"startup":true,"extensionId":{"value":"ritwickdey.LiveServer","_lower":"ritwickdey.liveserver"},"activationEvent":"*"}
[2020-03-11 03:14:02.750] [exthost] [info] ExtensionService#loadCommonJSModule file:///home/ridho-aldiko/.vscode/extensions/ritwickdey.liveserver-5.6.1/out/src/extension
[2020-03-11 03:14:03.444] [exthost] [info] ExtensionService#_doActivateExtension zhuangtongfa.material-theme {"startup":true,"extensionId":{"value":"zhuangtongfa.material-theme","_lower":"zhuangtongfa.material-theme"},"activationEvent":"*"}
[2020-03-11 03:14:03.444] [exthost] [info] ExtensionService#loadCommonJSModule file:///home/ridho-aldiko/.vscode/extensions/zhuangtongfa.material-theme-3.2.3/out/extension.js
[2020-03-11 03:14:03.477] [exthost] [info] ExtensionService#_doActivateExtension Zignd.html-css-class-completion {"startup":true,"extensionId":{"value":"Zignd.html-css-class-completion","_lower":"zignd.html-css-class-completion"},"activationEvent":"*"}
[2020-03-11 03:14:03.477] [exthost] [info] ExtensionService#loadCommonJSModule file:///home/ridho-aldiko/.vscode/extensions/zignd.html-css-class-completion-1.19.0/out/src/extension
[2020-03-11 03:14:04.273] [exthost] [info] ExtensionService#_doActivateExtension felixfbecker.php-intellisense {"startup":true,"extensionId":{"value":"felixfbecker.php-intellisense","_lower":"felixfbecker.php-intellisense"},"activationEvent":"workspaceContains:**/*.php"}
[2020-03-11 03:14:04.273] [exthost] [info] ExtensionService#loadCommonJSModule file:///home/ridho-aldiko/.vscode/extensions/felixfbecker.php-intellisense-2.3.14/out/extension
[2020-03-11 03:14:04.502] [exthost] [info] eager extensions activated
[2020-03-11 03:14:06.609] [exthost] [info] ExtensionService#_doActivateExtension vscode.php-language-features {"startup":false,"extensionId":{"value":"vscode.php-language-features","_lower":"vscode.php-language-features"},"activationEvent":"onLanguage:php"}
[2020-03-11 03:14:06.609] [exthost] [info] ExtensionService#loadCommonJSModule file:///usr/share/code/resources/app/extensions/php-language-features/dist/phpMain
