DEBUG     Checking PHPLS_ALLOW_XDEBUG
DEBUG     The xdebug extension is not loaded

[Info  - 3:11:27 AM] 199 files total
[Info  - 3:11:27 AM] Indexing project for definitions and static references
Parsing file:///opt/lampp/htdocs/PengelolaHalaman/application/views/errors/html/error_php.php
Parsing file:///opt/lampp/htdocs/PengelolaHalaman/application/views/errors/html/error_general.php
Parsing file:///opt/lampp/htdocs/PengelolaHalaman/application/views/errors/html/error_db.php
Parsing file:///opt/lampp/htdocs/PengelolaHalaman/application/views/errors/html/error_exception.php
Parsing file:///opt/lampp/htdocs/PengelolaHalaman/application/views/errors/html/error_404.php
Parsing file:///opt/lampp/htdocs/PengelolaHalaman/application/views/errors/cli/error_php.php
Parsing file:///opt/lampp/htdocs/PengelolaHalaman/application/views/errors/cli/error_general.php
Parsing file:///opt/lampp/htdocs/PengelolaHalaman/application/views/errors/cli/error_db.php
Parsing file:///opt/lampp/htdocs/PengelolaHalaman/application/views/errors/cli/error_exception.php
Parsing file:///opt/lampp/htdocs/PengelolaHalaman/application/views/errors/cli/error_404.php
Parsing file:///opt/lampp/htdocs/PengelolaHalaman/application/views/welcome_message.php
Parsing file:///opt/lampp/htdocs/PengelolaHalaman/application/controllers/Welcome.php
Parsing file:///opt/lampp/htdocs/PengelolaHalaman/application/config/constants.php
Parsing file:///opt/lampp/htdocs/PengelolaHalaman/application/config/hooks.php
Parsing file:///opt/lampp/htdocs/PengelolaHalaman/application/config/foreign_chars.php
Parsing file:///opt/lampp/htdocs/PengelolaHalaman/application/config/profiler.php
Parsing file:///opt/lampp/htdocs/PengelolaHalaman/application/config/config.php
Parsing file:///opt/lampp/htdocs/PengelolaHalaman/application/config/user_agents.php
Parsing file:///opt/lampp/htdocs/PengelolaHalaman/application/config/smileys.php
Parsing file:///opt/lampp/htdocs/PengelolaHalaman/application/config/autoload.php
Parsing file:///opt/lampp/htdocs/PengelolaHalaman/application/config/memcached.php
Parsing file:///opt/lampp/htdocs/PengelolaHalaman/application/config/migration.php
Parsing file:///opt/lampp/htdocs/PengelolaHalaman/application/config/routes.php
Parsing file:///opt/lampp/htdocs/PengelolaHalaman/application/config/database.php
Parsing file:///opt/lampp/htdocs/PengelolaHalaman/application/config/mimes.php
Parsing file:///opt/lampp/htdocs/PengelolaHalaman/application/config/doctypes.php
Parsing file:///opt/lampp/htdocs/PengelolaHalaman/system/helpers/path_helper.php
Parsing file:///opt/lampp/htdocs/PengelolaHalaman/system/helpers/directory_helper.php
Parsing file:///opt/lampp/htdocs/PengelolaHalaman/system/helpers/html_helper.php
Parsing file:///opt/lampp/htdocs/PengelolaHalaman/system/helpers/array_helper.php
Parsing file:///opt/lampp/htdocs/PengelolaHalaman/system/helpers/typography_helper.php
Parsing file:///opt/lampp/htdocs/PengelolaHalaman/system/helpers/email_helper.php
Parsing file:///opt/lampp/htdocs/PengelolaHalaman/system/helpers/file_helper.php
Parsing file:///opt/lampp/htdocs/PengelolaHalaman/system/helpers/form_helper.php
Parsing file:///opt/lampp/htdocs/PengelolaHalaman/system/helpers/url_helper.php
Parsing file:///opt/lampp/htdocs/PengelolaHalaman/system/helpers/language_helper.php
Parsing file:///opt/lampp/htdocs/PengelolaHalaman/system/helpers/xml_helper.php
Parsing file:///opt/lampp/htdocs/PengelolaHalaman/system/helpers/security_helper.php
Parsing file:///opt/lampp/htdocs/PengelolaHalaman/system/helpers/smiley_helper.php
Parsing file:///opt/lampp/htdocs/PengelolaHalaman/system/helpers/text_helper.php
Parsing file:///opt/lampp/htdocs/PengelolaHalaman/system/helpers/number_helper.php
Parsing file:///opt/lampp/htdocs/PengelolaHalaman/system/helpers/captcha_helper.php
Parsing file:///opt/lampp/htdocs/PengelolaHalaman/system/helpers/inflector_helper.php
Parsing file:///opt/lampp/htdocs/PengelolaHalaman/system/helpers/cookie_helper.php
Parsing file:///opt/lampp/htdocs/PengelolaHalaman/system/helpers/download_helper.php
Parsing file:///opt/lampp/htdocs/PengelolaHalaman/system/helpers/date_helper.php
Parsing file:///opt/lampp/htdocs/PengelolaHalaman/system/helpers/string_helper.php
Parsing file:///opt/lampp/htdocs/PengelolaHalaman/system/core/Utf8.php
Parsing file:///opt/lampp/htdocs/PengelolaHalaman/system/core/Hooks.php
Parsing file:///opt/lampp/htdocs/PengelolaHalaman/system/core/URI.php
Parsing file:///opt/lampp/htdocs/PengelolaHalaman/system/core/Log.php
Parsing file:///opt/lampp/htdocs/PengelolaHalaman/system/core/Benchmark.php
Parsing file:///opt/lampp/htdocs/PengelolaHalaman/system/core/Exceptions.php
Parsing file:///opt/lampp/htdocs/PengelolaHalaman/system/core/Model.php
Parsing file:///opt/lampp/htdocs/PengelolaHalaman/system/core/Security.php
Parsing file:///opt/lampp/htdocs/PengelolaHalaman/system/core/Input.php
Parsing file:///opt/lampp/htdocs/PengelolaHalaman/system/core/CodeIgniter.php
Parsing file:///opt/lampp/htdocs/PengelolaHalaman/system/core/Router.php
Parsing file:///opt/lampp/htdocs/PengelolaHalaman/system/core/Config.php
Parsing file:///opt/lampp/htdocs/PengelolaHalaman/system/core/compat/mbstring.php
Parsing file:///opt/lampp/htdocs/PengelolaHalaman/system/core/compat/hash.php
Parsing file:///opt/lampp/htdocs/PengelolaHalaman/system/core/compat/password.php
Parsing file:///opt/lampp/htdocs/PengelolaHalaman/system/core/compat/standard.php
Parsing file:///opt/lampp/htdocs/PengelolaHalaman/system/core/Common.php
Parsing file:///opt/lampp/htdocs/PengelolaHalaman/system/core/Loader.php
Parsing file:///opt/lampp/htdocs/PengelolaHalaman/system/core/Output.php
Parsing file:///opt/lampp/htdocs/PengelolaHalaman/system/core/Controller.php
Parsing file:///opt/lampp/htdocs/PengelolaHalaman/system/core/Lang.php
Parsing file:///opt/lampp/htdocs/PengelolaHalaman/system/language/english/migration_lang.php
Parsing file:///opt/lampp/htdocs/PengelolaHalaman/system/language/english/db_lang.php
Parsing file:///opt/lampp/htdocs/PengelolaHalaman/system/language/english/date_lang.php
Parsing file:///opt/lampp/htdocs/PengelolaHalaman/system/language/english/calendar_lang.php
Parsing file:///opt/lampp/htdocs/PengelolaHalaman/system/language/english/pagination_lang.php
Parsing file:///opt/lampp/htdocs/PengelolaHalaman/system/language/english/ftp_lang.php
Parsing file:///opt/lampp/htdocs/PengelolaHalaman/system/language/english/number_lang.php
Parsing file:///opt/lampp/htdocs/PengelolaHalaman/system/language/english/unit_test_lang.php
Parsing file:///opt/lampp/htdocs/PengelolaHalaman/system/language/english/form_validation_lang.php
Parsing file:///opt/lampp/htdocs/PengelolaHalaman/system/language/english/upload_lang.php
Parsing file:///opt/lampp/htdocs/PengelolaHalaman/system/language/english/profiler_lang.php
Parsing file:///opt/lampp/htdocs/PengelolaHalaman/system/language/english/email_lang.php
Parsing file:///opt/lampp/htdocs/PengelolaHalaman/system/language/english/imglib_lang.php
Parsing file:///opt/lampp/htdocs/PengelolaHalaman/system/database/DB_cache.php
Parsing file:///opt/lampp/htdocs/PengelolaHalaman/system/database/DB_result.php
Parsing file:///opt/lampp/htdocs/PengelolaHalaman/system/database/DB_forge.php
Parsing file:///opt/lampp/htdocs/PengelolaHalaman/system/database/DB_driver.php
Parsing file:///opt/lampp/htdocs/PengelolaHalaman/system/database/DB_utility.php
Parsing file:///opt/lampp/htdocs/PengelolaHalaman/system/database/DB.php
Parsing file:///opt/lampp/htdocs/PengelolaHalaman/system/database/drivers/mssql/mssql_utility.php
Parsing file:///opt/lampp/htdocs/PengelolaHalaman/system/database/drivers/mssql/mssql_forge.php
Parsing file:///opt/lampp/htdocs/PengelolaHalaman/system/database/drivers/mssql/mssql_result.php
Parsing file:///opt/lampp/htdocs/PengelolaHalaman/system/database/drivers/mssql/mssql_driver.php
Parsing file:///opt/lampp/htdocs/PengelolaHalaman/system/database/drivers/mysql/mysql_forge.php
Parsing file:///opt/lampp/htdocs/PengelolaHalaman/system/database/drivers/mysql/mysql_driver.php
Parsing file:///opt/lampp/htdocs/PengelolaHalaman/system/database/drivers/mysql/mysql_result.php
Parsing file:///opt/lampp/htdocs/PengelolaHalaman/system/database/drivers/mysql/mysql_utility.php
Parsing file:///opt/lampp/htdocs/PengelolaHalaman/system/database/drivers/ibase/ibase_forge.php
Parsing file:///opt/lampp/htdocs/PengelolaHalaman/system/database/drivers/ibase/ibase_result.php
Parsing file:///opt/lampp/htdocs/PengelolaHalaman/system/database/drivers/ibase/ibase_driver.php
Parsing file:///opt/lampp/htdocs/PengelolaHalaman/system/database/drivers/ibase/ibase_utility.php
Parsing file:///opt/lampp/htdocs/PengelolaHalaman/system/database/drivers/oci8/oci8_result.php
Parsing file:///opt/lampp/htdocs/PengelolaHalaman/system/database/drivers/oci8/oci8_forge.php
Parsing file:///opt/lampp/htdocs/PengelolaHalaman/system/database/drivers/oci8/oci8_driver.php
Parsing file:///opt/lampp/htdocs/PengelolaHalaman/system/database/drivers/oci8/oci8_utility.php
Parsing file:///opt/lampp/htdocs/PengelolaHalaman/system/database/drivers/sqlsrv/sqlsrv_utility.php
Parsing file:///opt/lampp/htdocs/PengelolaHalaman/system/database/drivers/sqlsrv/sqlsrv_forge.php
Parsing file:///opt/lampp/htdocs/PengelolaHalaman/system/database/drivers/sqlsrv/sqlsrv_result.php
Parsing file:///opt/lampp/htdocs/PengelolaHalaman/system/database/drivers/sqlsrv/sqlsrv_driver.php
Parsing file:///opt/lampp/htdocs/PengelolaHalaman/system/database/drivers/postgre/postgre_utility.php
Parsing file:///opt/lampp/htdocs/PengelolaHalaman/system/database/drivers/postgre/postgre_forge.php
Parsing file:///opt/lampp/htdocs/PengelolaHalaman/system/database/drivers/postgre/postgre_driver.php
Parsing file:///opt/lampp/htdocs/PengelolaHalaman/system/database/drivers/postgre/postgre_result.php
Parsing file:///opt/lampp/htdocs/PengelolaHalaman/system/database/drivers/cubrid/cubrid_driver.php
Parsing file:///opt/lampp/htdocs/PengelolaHalaman/system/database/drivers/cubrid/cubrid_forge.php
Parsing file:///opt/lampp/htdocs/PengelolaHalaman/system/database/drivers/cubrid/cubrid_utility.php
Parsing file:///opt/lampp/htdocs/PengelolaHalaman/system/database/drivers/cubrid/cubrid_result.php
Parsing file:///opt/lampp/htdocs/PengelolaHalaman/system/database/drivers/sqlite/sqlite_driver.php
Parsing file:///opt/lampp/htdocs/PengelolaHalaman/system/database/drivers/sqlite/sqlite_utility.php
Parsing file:///opt/lampp/htdocs/PengelolaHalaman/system/database/drivers/sqlite/sqlite_forge.php
Parsing file:///opt/lampp/htdocs/PengelolaHalaman/system/database/drivers/sqlite/sqlite_result.php
Parsing file:///opt/lampp/htdocs/PengelolaHalaman/system/database/drivers/sqlite3/sqlite3_driver.php
Parsing file:///opt/lampp/htdocs/PengelolaHalaman/system/database/drivers/sqlite3/sqlite3_forge.php
Parsing file:///opt/lampp/htdocs/PengelolaHalaman/system/database/drivers/sqlite3/sqlite3_result.php
Parsing file:///opt/lampp/htdocs/PengelolaHalaman/system/database/drivers/sqlite3/sqlite3_utility.php
Parsing file:///opt/lampp/htdocs/PengelolaHalaman/system/database/drivers/pdo/pdo_driver.php
Parsing file:///opt/lampp/htdocs/PengelolaHalaman/system/database/drivers/pdo/subdrivers/pdo_sqlsrv_driver.php
Parsing file:///opt/lampp/htdocs/PengelolaHalaman/system/database/drivers/pdo/subdrivers/pdo_firebird_driver.php
Parsing file:///opt/lampp/htdocs/PengelolaHalaman/system/database/drivers/pdo/subdrivers/pdo_sqlite_driver.php
Parsing file:///opt/lampp/htdocs/PengelolaHalaman/system/database/drivers/pdo/subdrivers/pdo_informix_forge.php
Parsing file:///opt/lampp/htdocs/PengelolaHalaman/system/database/drivers/pdo/subdrivers/pdo_informix_driver.php
Parsing file:///opt/lampp/htdocs/PengelolaHalaman/system/database/drivers/pdo/subdrivers/pdo_sqlite_forge.php
Parsing file:///opt/lampp/htdocs/PengelolaHalaman/system/database/drivers/pdo/subdrivers/pdo_mysql_driver.php
Parsing file:///opt/lampp/htdocs/PengelolaHalaman/system/database/drivers/pdo/subdrivers/pdo_dblib_forge.php
Parsing file:///opt/lampp/htdocs/PengelolaHalaman/system/database/drivers/pdo/subdrivers/pdo_oci_forge.php
Parsing file:///opt/lampp/htdocs/PengelolaHalaman/system/database/drivers/pdo/subdrivers/pdo_ibm_forge.php
Parsing file:///opt/lampp/htdocs/PengelolaHalaman/system/database/drivers/pdo/subdrivers/pdo_cubrid_driver.php
Parsing file:///opt/lampp/htdocs/PengelolaHalaman/system/database/drivers/pdo/subdrivers/pdo_4d_driver.php
Parsing file:///opt/lampp/htdocs/PengelolaHalaman/system/database/drivers/pdo/subdrivers/pdo_odbc_forge.php
Parsing file:///opt/lampp/htdocs/PengelolaHalaman/system/database/drivers/pdo/subdrivers/pdo_pgsql_forge.php
Parsing file:///opt/lampp/htdocs/PengelolaHalaman/system/database/drivers/pdo/subdrivers/pdo_4d_forge.php
Parsing file:///opt/lampp/htdocs/PengelolaHalaman/system/database/drivers/pdo/subdrivers/pdo_mysql_forge.php
Parsing file:///opt/lampp/htdocs/PengelolaHalaman/system/database/drivers/pdo/subdrivers/pdo_sqlsrv_forge.php
Parsing file:///opt/lampp/htdocs/PengelolaHalaman/system/database/drivers/pdo/subdrivers/pdo_oci_driver.php
Parsing file:///opt/lampp/htdocs/PengelolaHalaman/system/database/drivers/pdo/subdrivers/pdo_pgsql_driver.php
Parsing file:///opt/lampp/htdocs/PengelolaHalaman/system/database/drivers/pdo/subdrivers/pdo_ibm_driver.php
Parsing file:///opt/lampp/htdocs/PengelolaHalaman/system/database/drivers/pdo/subdrivers/pdo_firebird_forge.php
Parsing file:///opt/lampp/htdocs/PengelolaHalaman/system/database/drivers/pdo/subdrivers/pdo_cubrid_forge.php
Parsing file:///opt/lampp/htdocs/PengelolaHalaman/system/database/drivers/pdo/subdrivers/pdo_odbc_driver.php
Parsing file:///opt/lampp/htdocs/PengelolaHalaman/system/database/drivers/pdo/subdrivers/pdo_dblib_driver.php
Parsing file:///opt/lampp/htdocs/PengelolaHalaman/system/database/drivers/pdo/pdo_result.php
Parsing file:///opt/lampp/htdocs/PengelolaHalaman/system/database/drivers/pdo/pdo_forge.php
Parsing file:///opt/lampp/htdocs/PengelolaHalaman/system/database/drivers/pdo/pdo_utility.php
Parsing file:///opt/lampp/htdocs/PengelolaHalaman/system/database/drivers/odbc/odbc_forge.php
Parsing file:///opt/lampp/htdocs/PengelolaHalaman/system/database/drivers/odbc/odbc_utility.php
Parsing file:///opt/lampp/htdocs/PengelolaHalaman/system/database/drivers/odbc/odbc_result.php
Parsing file:///opt/lampp/htdocs/PengelolaHalaman/system/database/drivers/odbc/odbc_driver.php
Parsing file:///opt/lampp/htdocs/PengelolaHalaman/system/database/drivers/mysqli/mysqli_forge.php
Parsing file:///opt/lampp/htdocs/PengelolaHalaman/system/database/drivers/mysqli/mysqli_result.php
Parsing file:///opt/lampp/htdocs/PengelolaHalaman/system/database/drivers/mysqli/mysqli_utility.php
Parsing file:///opt/lampp/htdocs/PengelolaHalaman/system/database/drivers/mysqli/mysqli_driver.php
Parsing file:///opt/lampp/htdocs/PengelolaHalaman/system/database/DB_query_builder.php
Parsing file:///opt/lampp/htdocs/PengelolaHalaman/system/libraries/User_agent.php
Parsing file:///opt/lampp/htdocs/PengelolaHalaman/system/libraries/Cart.php
Parsing file:///opt/lampp/htdocs/PengelolaHalaman/system/libraries/Trackback.php
Parsing file:///opt/lampp/htdocs/PengelolaHalaman/system/libraries/Javascript/Jquery.php
Parsing file:///opt/lampp/htdocs/PengelolaHalaman/system/libraries/Xmlrpcs.php
Parsing file:///opt/lampp/htdocs/PengelolaHalaman/system/libraries/Ftp.php
Parsing file:///opt/lampp/htdocs/PengelolaHalaman/system/libraries/Parser.php
Parsing file:///opt/lampp/htdocs/PengelolaHalaman/system/libraries/Xmlrpc.php
Parsing file:///opt/lampp/htdocs/PengelolaHalaman/system/libraries/Image_lib.php
Parsing file:///opt/lampp/htdocs/PengelolaHalaman/system/libraries/Cache/drivers/Cache_wincache.php
Parsing file:///opt/lampp/htdocs/PengelolaHalaman/system/libraries/Cache/drivers/Cache_file.php
Parsing file:///opt/lampp/htdocs/PengelolaHalaman/system/libraries/Cache/drivers/Cache_memcached.php
Parsing file:///opt/lampp/htdocs/PengelolaHalaman/system/libraries/Cache/drivers/Cache_redis.php
Parsing file:///opt/lampp/htdocs/PengelolaHalaman/system/libraries/Cache/drivers/Cache_apc.php
Parsing file:///opt/lampp/htdocs/PengelolaHalaman/system/libraries/Cache/drivers/Cache_dummy.php
Parsing file:///opt/lampp/htdocs/PengelolaHalaman/system/libraries/Cache/Cache.php
Parsing file:///opt/lampp/htdocs/PengelolaHalaman/system/libraries/Unit_test.php
Parsing file:///opt/lampp/htdocs/PengelolaHalaman/system/libraries/Email.php
Parsing file:///opt/lampp/htdocs/PengelolaHalaman/system/libraries/Encryption.php
Parsing file:///opt/lampp/htdocs/PengelolaHalaman/system/libraries/Table.php
Parsing file:///opt/lampp/htdocs/PengelolaHalaman/system/libraries/Calendar.php
Parsing file:///opt/lampp/htdocs/PengelolaHalaman/system/libraries/Zip.php
Parsing file:///opt/lampp/htdocs/PengelolaHalaman/system/libraries/Profiler.php
Parsing file:///opt/lampp/htdocs/PengelolaHalaman/system/libraries/Form_validation.php
Parsing file:///opt/lampp/htdocs/PengelolaHalaman/system/libraries/Typography.php
Parsing file:///opt/lampp/htdocs/PengelolaHalaman/system/libraries/Upload.php
Parsing file:///opt/lampp/htdocs/PengelolaHalaman/system/libraries/Session/Session_driver.php
Parsing file:///opt/lampp/htdocs/PengelolaHalaman/system/libraries/Session/SessionHandlerInterface.php
Parsing file:///opt/lampp/htdocs/PengelolaHalaman/system/libraries/Session/drivers/Session_files_driver.php
Parsing file:///opt/lampp/htdocs/PengelolaHalaman/system/libraries/Session/drivers/Session_database_driver.php
Parsing file:///opt/lampp/htdocs/PengelolaHalaman/system/libraries/Session/drivers/Session_redis_driver.php
Parsing file:///opt/lampp/htdocs/PengelolaHalaman/system/libraries/Session/drivers/Session_memcached_driver.php
Parsing file:///opt/lampp/htdocs/PengelolaHalaman/system/libraries/Session/Session.php
Parsing file:///opt/lampp/htdocs/PengelolaHalaman/system/libraries/Pagination.php
Parsing file:///opt/lampp/htdocs/PengelolaHalaman/system/libraries/Javascript.php
Parsing file:///opt/lampp/htdocs/PengelolaHalaman/system/libraries/Migration.php
Parsing file:///opt/lampp/htdocs/PengelolaHalaman/system/libraries/Encrypt.php
Parsing file:///opt/lampp/htdocs/PengelolaHalaman/system/libraries/Driver.php
Parsing file:///opt/lampp/htdocs/PengelolaHalaman/index.php
[Info  - 3:11:37 AM] Indexing project for dynamic references
Parsing file:///opt/lampp/htdocs/PengelolaHalaman/application/views/errors/html/error_php.php
Parsing file:///opt/lampp/htdocs/PengelolaHalaman/application/views/errors/html/error_general.php
Parsing file:///opt/lampp/htdocs/PengelolaHalaman/application/views/errors/html/error_db.php
Parsing file:///opt/lampp/htdocs/PengelolaHalaman/application/views/errors/html/error_exception.php
Parsing file:///opt/lampp/htdocs/PengelolaHalaman/application/views/errors/html/error_404.php
Parsing file:///opt/lampp/htdocs/PengelolaHalaman/application/views/errors/cli/error_php.php
Parsing file:///opt/lampp/htdocs/PengelolaHalaman/application/views/errors/cli/error_general.php
Parsing file:///opt/lampp/htdocs/PengelolaHalaman/application/views/errors/cli/error_db.php
Parsing file:///opt/lampp/htdocs/PengelolaHalaman/application/views/errors/cli/error_exception.php
Parsing file:///opt/lampp/htdocs/PengelolaHalaman/application/views/errors/cli/error_404.php
Parsing file:///opt/lampp/htdocs/PengelolaHalaman/application/views/welcome_message.php
Parsing file:///opt/lampp/htdocs/PengelolaHalaman/application/controllers/Welcome.php
Parsing file:///opt/lampp/htdocs/PengelolaHalaman/application/config/constants.php
Parsing file:///opt/lampp/htdocs/PengelolaHalaman/application/config/hooks.php
Parsing file:///opt/lampp/htdocs/PengelolaHalaman/application/config/foreign_chars.php
Parsing file:///opt/lampp/htdocs/PengelolaHalaman/application/config/profiler.php
Parsing file:///opt/lampp/htdocs/PengelolaHalaman/application/config/config.php
Parsing file:///opt/lampp/htdocs/PengelolaHalaman/application/config/user_agents.php
Parsing file:///opt/lampp/htdocs/PengelolaHalaman/application/config/smileys.php
Parsing file:///opt/lampp/htdocs/PengelolaHalaman/application/config/autoload.php
Parsing file:///opt/lampp/htdocs/PengelolaHalaman/application/config/memcached.php
Parsing file:///opt/lampp/htdocs/PengelolaHalaman/application/config/migration.php
Parsing file:///opt/lampp/htdocs/PengelolaHalaman/application/config/routes.php
Parsing file:///opt/lampp/htdocs/PengelolaHalaman/application/config/database.php
Parsing file:///opt/lampp/htdocs/PengelolaHalaman/application/config/mimes.php
Parsing file:///opt/lampp/htdocs/PengelolaHalaman/application/config/doctypes.php
Parsing file:///opt/lampp/htdocs/PengelolaHalaman/system/helpers/path_helper.php
Parsing file:///opt/lampp/htdocs/PengelolaHalaman/system/helpers/directory_helper.php
Parsing file:///opt/lampp/htdocs/PengelolaHalaman/system/helpers/html_helper.php
Parsing file:///opt/lampp/htdocs/PengelolaHalaman/system/helpers/array_helper.php
Parsing file:///opt/lampp/htdocs/PengelolaHalaman/system/helpers/typography_helper.php
Parsing file:///opt/lampp/htdocs/PengelolaHalaman/system/helpers/email_helper.php
Parsing file:///opt/lampp/htdocs/PengelolaHalaman/system/helpers/file_helper.php
Parsing file:///opt/lampp/htdocs/PengelolaHalaman/system/helpers/form_helper.php
Parsing file:///opt/lampp/htdocs/PengelolaHalaman/system/helpers/url_helper.php
Parsing file:///opt/lampp/htdocs/PengelolaHalaman/system/helpers/language_helper.php
Parsing file:///opt/lampp/htdocs/PengelolaHalaman/system/helpers/xml_helper.php
Parsing file:///opt/lampp/htdocs/PengelolaHalaman/system/helpers/security_helper.php
Parsing file:///opt/lampp/htdocs/PengelolaHalaman/system/helpers/smiley_helper.php
Parsing file:///opt/lampp/htdocs/PengelolaHalaman/system/helpers/text_helper.php
Parsing file:///opt/lampp/htdocs/PengelolaHalaman/system/helpers/number_helper.php
Parsing file:///opt/lampp/htdocs/PengelolaHalaman/system/helpers/captcha_helper.php
Parsing file:///opt/lampp/htdocs/PengelolaHalaman/system/helpers/inflector_helper.php
Parsing file:///opt/lampp/htdocs/PengelolaHalaman/system/helpers/cookie_helper.php
Parsing file:///opt/lampp/htdocs/PengelolaHalaman/system/helpers/download_helper.php
Parsing file:///opt/lampp/htdocs/PengelolaHalaman/system/helpers/date_helper.php
Parsing file:///opt/lampp/htdocs/PengelolaHalaman/system/helpers/string_helper.php
Parsing file:///opt/lampp/htdocs/PengelolaHalaman/system/core/Utf8.php
Parsing file:///opt/lampp/htdocs/PengelolaHalaman/system/core/Hooks.php
Parsing file:///opt/lampp/htdocs/PengelolaHalaman/system/core/URI.php
Parsing file:///opt/lampp/htdocs/PengelolaHalaman/system/core/Log.php
Parsing file:///opt/lampp/htdocs/PengelolaHalaman/system/core/Benchmark.php
Parsing file:///opt/lampp/htdocs/PengelolaHalaman/system/core/Exceptions.php
Parsing file:///opt/lampp/htdocs/PengelolaHalaman/system/core/Model.php
Parsing file:///opt/lampp/htdocs/PengelolaHalaman/system/core/Security.php
Parsing file:///opt/lampp/htdocs/PengelolaHalaman/system/core/Input.php
Parsing file:///opt/lampp/htdocs/PengelolaHalaman/system/core/CodeIgniter.php
Parsing file:///opt/lampp/htdocs/PengelolaHalaman/system/core/Router.php
Parsing file:///opt/lampp/htdocs/PengelolaHalaman/system/core/Config.php
Parsing file:///opt/lampp/htdocs/PengelolaHalaman/system/core/compat/mbstring.php
Parsing file:///opt/lampp/htdocs/PengelolaHalaman/system/core/compat/hash.php
Parsing file:///opt/lampp/htdocs/PengelolaHalaman/system/core/compat/password.php
Parsing file:///opt/lampp/htdocs/PengelolaHalaman/system/core/compat/standard.php
Parsing file:///opt/lampp/htdocs/PengelolaHalaman/system/core/Common.php
Parsing file:///opt/lampp/htdocs/PengelolaHalaman/system/core/Loader.php
Parsing file:///opt/lampp/htdocs/PengelolaHalaman/system/core/Output.php
Parsing file:///opt/lampp/htdocs/PengelolaHalaman/system/core/Controller.php
Parsing file:///opt/lampp/htdocs/PengelolaHalaman/system/core/Lang.php
Parsing file:///opt/lampp/htdocs/PengelolaHalaman/system/language/english/migration_lang.php
Parsing file:///opt/lampp/htdocs/PengelolaHalaman/system/language/english/db_lang.php
Parsing file:///opt/lampp/htdocs/PengelolaHalaman/system/language/english/date_lang.php
Parsing file:///opt/lampp/htdocs/PengelolaHalaman/system/language/english/calendar_lang.php
Parsing file:///opt/lampp/htdocs/PengelolaHalaman/system/language/english/pagination_lang.php
Parsing file:///opt/lampp/htdocs/PengelolaHalaman/system/language/english/ftp_lang.php
Parsing file:///opt/lampp/htdocs/PengelolaHalaman/system/language/english/number_lang.php
Parsing file:///opt/lampp/htdocs/PengelolaHalaman/system/language/english/unit_test_lang.php
Parsing file:///opt/lampp/htdocs/PengelolaHalaman/system/language/english/form_validation_lang.php
Parsing file:///opt/lampp/htdocs/PengelolaHalaman/system/language/english/upload_lang.php
Parsing file:///opt/lampp/htdocs/PengelolaHalaman/system/language/english/profiler_lang.php
Parsing file:///opt/lampp/htdocs/PengelolaHalaman/system/language/english/email_lang.php
Parsing file:///opt/lampp/htdocs/PengelolaHalaman/system/language/english/imglib_lang.php
Parsing file:///opt/lampp/htdocs/PengelolaHalaman/system/database/DB_cache.php
Parsing file:///opt/lampp/htdocs/PengelolaHalaman/system/database/DB_result.php
Parsing file:///opt/lampp/htdocs/PengelolaHalaman/system/database/DB_forge.php
Parsing file:///opt/lampp/htdocs/PengelolaHalaman/system/database/DB_driver.php
Parsing file:///opt/lampp/htdocs/PengelolaHalaman/system/database/DB_utility.php
Parsing file:///opt/lampp/htdocs/PengelolaHalaman/system/database/DB.php
Parsing file:///opt/lampp/htdocs/PengelolaHalaman/system/database/drivers/mssql/mssql_utility.php
Parsing file:///opt/lampp/htdocs/PengelolaHalaman/system/database/drivers/mssql/mssql_forge.php
Parsing file:///opt/lampp/htdocs/PengelolaHalaman/system/database/drivers/mssql/mssql_result.php
Parsing file:///opt/lampp/htdocs/PengelolaHalaman/system/database/drivers/mssql/mssql_driver.php
Parsing file:///opt/lampp/htdocs/PengelolaHalaman/system/database/drivers/mysql/mysql_forge.php
Parsing file:///opt/lampp/htdocs/PengelolaHalaman/system/database/drivers/mysql/mysql_driver.php
Parsing file:///opt/lampp/htdocs/PengelolaHalaman/system/database/drivers/mysql/mysql_result.php
Parsing file:///opt/lampp/htdocs/PengelolaHalaman/system/database/drivers/mysql/mysql_utility.php
Parsing file:///opt/lampp/htdocs/PengelolaHalaman/system/database/drivers/ibase/ibase_forge.php
Parsing file:///opt/lampp/htdocs/PengelolaHalaman/system/database/drivers/ibase/ibase_result.php
Parsing file:///opt/lampp/htdocs/PengelolaHalaman/system/database/drivers/ibase/ibase_driver.php
Parsing file:///opt/lampp/htdocs/PengelolaHalaman/system/database/drivers/ibase/ibase_utility.php
Parsing file:///opt/lampp/htdocs/PengelolaHalaman/system/database/drivers/oci8/oci8_result.php
Parsing file:///opt/lampp/htdocs/PengelolaHalaman/system/database/drivers/oci8/oci8_forge.php
Parsing file:///opt/lampp/htdocs/PengelolaHalaman/system/database/drivers/oci8/oci8_driver.php
Parsing file:///opt/lampp/htdocs/PengelolaHalaman/system/database/drivers/oci8/oci8_utility.php
Parsing file:///opt/lampp/htdocs/PengelolaHalaman/system/database/drivers/sqlsrv/sqlsrv_utility.php
Parsing file:///opt/lampp/htdocs/PengelolaHalaman/system/database/drivers/sqlsrv/sqlsrv_forge.php
Parsing file:///opt/lampp/htdocs/PengelolaHalaman/system/database/drivers/sqlsrv/sqlsrv_result.php
Parsing file:///opt/lampp/htdocs/PengelolaHalaman/system/database/drivers/sqlsrv/sqlsrv_driver.php
Parsing file:///opt/lampp/htdocs/PengelolaHalaman/system/database/drivers/postgre/postgre_utility.php
Parsing file:///opt/lampp/htdocs/PengelolaHalaman/system/database/drivers/postgre/postgre_forge.php
Parsing file:///opt/lampp/htdocs/PengelolaHalaman/system/database/drivers/postgre/postgre_driver.php
Parsing file:///opt/lampp/htdocs/PengelolaHalaman/system/database/drivers/postgre/postgre_result.php
Parsing file:///opt/lampp/htdocs/PengelolaHalaman/system/database/drivers/cubrid/cubrid_driver.php
Parsing file:///opt/lampp/htdocs/PengelolaHalaman/system/database/drivers/cubrid/cubrid_forge.php
Parsing file:///opt/lampp/htdocs/PengelolaHalaman/system/database/drivers/cubrid/cubrid_utility.php
Parsing file:///opt/lampp/htdocs/PengelolaHalaman/system/database/drivers/cubrid/cubrid_result.php
Parsing file:///opt/lampp/htdocs/PengelolaHalaman/system/database/drivers/sqlite/sqlite_driver.php
Parsing file:///opt/lampp/htdocs/PengelolaHalaman/system/database/drivers/sqlite/sqlite_utility.php
Parsing file:///opt/lampp/htdocs/PengelolaHalaman/system/database/drivers/sqlite/sqlite_forge.php
Parsing file:///opt/lampp/htdocs/PengelolaHalaman/system/database/drivers/sqlite/sqlite_result.php
Parsing file:///opt/lampp/htdocs/PengelolaHalaman/system/database/drivers/sqlite3/sqlite3_driver.php
Parsing file:///opt/lampp/htdocs/PengelolaHalaman/system/database/drivers/sqlite3/sqlite3_forge.php
Parsing file:///opt/lampp/htdocs/PengelolaHalaman/system/database/drivers/sqlite3/sqlite3_result.php
Parsing file:///opt/lampp/htdocs/PengelolaHalaman/system/database/drivers/sqlite3/sqlite3_utility.php
Parsing file:///opt/lampp/htdocs/PengelolaHalaman/system/database/drivers/pdo/pdo_driver.php
Parsing file:///opt/lampp/htdocs/PengelolaHalaman/system/database/drivers/pdo/subdrivers/pdo_sqlsrv_driver.php
Parsing file:///opt/lampp/htdocs/PengelolaHalaman/system/database/drivers/pdo/subdrivers/pdo_firebird_driver.php
Parsing file:///opt/lampp/htdocs/PengelolaHalaman/system/database/drivers/pdo/subdrivers/pdo_sqlite_driver.php
Parsing file:///opt/lampp/htdocs/PengelolaHalaman/system/database/drivers/pdo/subdrivers/pdo_informix_forge.php
Parsing file:///opt/lampp/htdocs/PengelolaHalaman/system/database/drivers/pdo/subdrivers/pdo_informix_driver.php
Parsing file:///opt/lampp/htdocs/PengelolaHalaman/system/database/drivers/pdo/subdrivers/pdo_sqlite_forge.php
Parsing file:///opt/lampp/htdocs/PengelolaHalaman/system/database/drivers/pdo/subdrivers/pdo_mysql_driver.php
Parsing file:///opt/lampp/htdocs/PengelolaHalaman/system/database/drivers/pdo/subdrivers/pdo_dblib_forge.php
Parsing file:///opt/lampp/htdocs/PengelolaHalaman/system/database/drivers/pdo/subdrivers/pdo_oci_forge.php
Parsing file:///opt/lampp/htdocs/PengelolaHalaman/system/database/drivers/pdo/subdrivers/pdo_ibm_forge.php
Parsing file:///opt/lampp/htdocs/PengelolaHalaman/system/database/drivers/pdo/subdrivers/pdo_cubrid_driver.php
Parsing file:///opt/lampp/htdocs/PengelolaHalaman/system/database/drivers/pdo/subdrivers/pdo_4d_driver.php
Parsing file:///opt/lampp/htdocs/PengelolaHalaman/system/database/drivers/pdo/subdrivers/pdo_odbc_forge.php
Parsing file:///opt/lampp/htdocs/PengelolaHalaman/system/database/drivers/pdo/subdrivers/pdo_pgsql_forge.php
Parsing file:///opt/lampp/htdocs/PengelolaHalaman/system/database/drivers/pdo/subdrivers/pdo_4d_forge.php
Parsing file:///opt/lampp/htdocs/PengelolaHalaman/system/database/drivers/pdo/subdrivers/pdo_mysql_forge.php
Parsing file:///opt/lampp/htdocs/PengelolaHalaman/system/database/drivers/pdo/subdrivers/pdo_sqlsrv_forge.php
Parsing file:///opt/lampp/htdocs/PengelolaHalaman/system/database/drivers/pdo/subdrivers/pdo_oci_driver.php
Parsing file:///opt/lampp/htdocs/PengelolaHalaman/system/database/drivers/pdo/subdrivers/pdo_pgsql_driver.php
Parsing file:///opt/lampp/htdocs/PengelolaHalaman/system/database/drivers/pdo/subdrivers/pdo_ibm_driver.php
Parsing file:///opt/lampp/htdocs/PengelolaHalaman/system/database/drivers/pdo/subdrivers/pdo_firebird_forge.php
Parsing file:///opt/lampp/htdocs/PengelolaHalaman/system/database/drivers/pdo/subdrivers/pdo_cubrid_forge.php
Parsing file:///opt/lampp/htdocs/PengelolaHalaman/system/database/drivers/pdo/subdrivers/pdo_odbc_driver.php
Parsing file:///opt/lampp/htdocs/PengelolaHalaman/system/database/drivers/pdo/subdrivers/pdo_dblib_driver.php
Parsing file:///opt/lampp/htdocs/PengelolaHalaman/system/database/drivers/pdo/pdo_result.php
Parsing file:///opt/lampp/htdocs/PengelolaHalaman/system/database/drivers/pdo/pdo_forge.php
Parsing file:///opt/lampp/htdocs/PengelolaHalaman/system/database/drivers/pdo/pdo_utility.php
Parsing file:///opt/lampp/htdocs/PengelolaHalaman/system/database/drivers/odbc/odbc_forge.php
Parsing file:///opt/lampp/htdocs/PengelolaHalaman/system/database/drivers/odbc/odbc_utility.php
Parsing file:///opt/lampp/htdocs/PengelolaHalaman/system/database/drivers/odbc/odbc_result.php
Parsing file:///opt/lampp/htdocs/PengelolaHalaman/system/database/drivers/odbc/odbc_driver.php
Parsing file:///opt/lampp/htdocs/PengelolaHalaman/system/database/drivers/mysqli/mysqli_forge.php
Parsing file:///opt/lampp/htdocs/PengelolaHalaman/system/database/drivers/mysqli/mysqli_result.php
Parsing file:///opt/lampp/htdocs/PengelolaHalaman/system/database/drivers/mysqli/mysqli_utility.php
Parsing file:///opt/lampp/htdocs/PengelolaHalaman/system/database/drivers/mysqli/mysqli_driver.php
Parsing file:///opt/lampp/htdocs/PengelolaHalaman/system/database/DB_query_builder.php
Parsing file:///opt/lampp/htdocs/PengelolaHalaman/system/libraries/User_agent.php
Parsing file:///opt/lampp/htdocs/PengelolaHalaman/system/libraries/Cart.php
Parsing file:///opt/lampp/htdocs/PengelolaHalaman/system/libraries/Trackback.php
Parsing file:///opt/lampp/htdocs/PengelolaHalaman/system/libraries/Javascript/Jquery.php
Parsing file:///opt/lampp/htdocs/PengelolaHalaman/system/libraries/Xmlrpcs.php
Parsing file:///opt/lampp/htdocs/PengelolaHalaman/system/libraries/Ftp.php
Parsing file:///opt/lampp/htdocs/PengelolaHalaman/system/libraries/Parser.php
Parsing file:///opt/lampp/htdocs/PengelolaHalaman/system/libraries/Xmlrpc.php
Parsing file:///opt/lampp/htdocs/PengelolaHalaman/system/libraries/Image_lib.php
Parsing file:///opt/lampp/htdocs/PengelolaHalaman/system/libraries/Cache/drivers/Cache_wincache.php
Parsing file:///opt/lampp/htdocs/PengelolaHalaman/system/libraries/Cache/drivers/Cache_file.php
Parsing file:///opt/lampp/htdocs/PengelolaHalaman/system/libraries/Cache/drivers/Cache_memcached.php
Parsing file:///opt/lampp/htdocs/PengelolaHalaman/system/libraries/Cache/drivers/Cache_redis.php
Parsing file:///opt/lampp/htdocs/PengelolaHalaman/system/libraries/Cache/drivers/Cache_apc.php
Parsing file:///opt/lampp/htdocs/PengelolaHalaman/system/libraries/Cache/drivers/Cache_dummy.php
Parsing file:///opt/lampp/htdocs/PengelolaHalaman/system/libraries/Cache/Cache.php
Parsing file:///opt/lampp/htdocs/PengelolaHalaman/system/libraries/Unit_test.php
Parsing file:///opt/lampp/htdocs/PengelolaHalaman/system/libraries/Email.php
Parsing file:///opt/lampp/htdocs/PengelolaHalaman/system/libraries/Encryption.php
Parsing file:///opt/lampp/htdocs/PengelolaHalaman/system/libraries/Table.php
Parsing file:///opt/lampp/htdocs/PengelolaHalaman/system/libraries/Calendar.php
Parsing file:///opt/lampp/htdocs/PengelolaHalaman/system/libraries/Zip.php
Parsing file:///opt/lampp/htdocs/PengelolaHalaman/system/libraries/Profiler.php
Parsing file:///opt/lampp/htdocs/PengelolaHalaman/system/libraries/Form_validation.php
Parsing file:///opt/lampp/htdocs/PengelolaHalaman/system/libraries/Typography.php
Parsing file:///opt/lampp/htdocs/PengelolaHalaman/system/libraries/Upload.php
Parsing file:///opt/lampp/htdocs/PengelolaHalaman/system/libraries/Session/Session_driver.php
Parsing file:///opt/lampp/htdocs/PengelolaHalaman/system/libraries/Session/SessionHandlerInterface.php
Parsing file:///opt/lampp/htdocs/PengelolaHalaman/system/libraries/Session/drivers/Session_files_driver.php
Parsing file:///opt/lampp/htdocs/PengelolaHalaman/system/libraries/Session/drivers/Session_database_driver.php
Parsing file:///opt/lampp/htdocs/PengelolaHalaman/system/libraries/Session/drivers/Session_redis_driver.php
Parsing file:///opt/lampp/htdocs/PengelolaHalaman/system/libraries/Session/drivers/Session_memcached_driver.php
Parsing file:///opt/lampp/htdocs/PengelolaHalaman/system/libraries/Session/Session.php
Parsing file:///opt/lampp/htdocs/PengelolaHalaman/system/libraries/Pagination.php
Parsing file:///opt/lampp/htdocs/PengelolaHalaman/system/libraries/Javascript.php
Parsing file:///opt/lampp/htdocs/PengelolaHalaman/system/libraries/Migration.php
Parsing file:///opt/lampp/htdocs/PengelolaHalaman/system/libraries/Encrypt.php
Parsing file:///opt/lampp/htdocs/PengelolaHalaman/system/libraries/Driver.php
Parsing file:///opt/lampp/htdocs/PengelolaHalaman/index.php
[Info  - 3:11:46 AM] 0 Packages
[Info  - 3:11:46 AM] All 199 PHP files parsed in 19 seconds. 170 MiB allocated.
